<?xml version="1.0" encoding="UTF-8"?>
<!-- Generated by org.testng.reporters.JUnitXMLReporter -->
<testsuite hostname="DESKTOP-FBFQI3N" ignored="0" name="Test" tests="2" failures="1" timestamp="09 Feb 2022 17:03:13 GMT" time="19.661" errors="0">
  <testcase name="logincheck" time="1.708" classname="Week4.LoginTest"/>
  <testcase name="logincheck1" time="1.378" classname="Week4.LoginTest">
    <failure type="java.lang.AssertionError" message="expected [My Account] but found [Account Login]">
      <![CDATA[java.lang.AssertionError: expected [My Account] but found [Account Login]
at Week4.LoginTest.logincheck1(LoginTest.java:41)
... Removed 31 stack frames]]>
    </failure>
  </testcase> <!-- logincheck1 -->
</testsuite> <!-- Test -->
