<?xml version="1.0" encoding="UTF-8"?>
<!-- Generated by org.testng.reporters.JUnitXMLReporter -->
<testsuite hostname="DESKTOP-FBFQI3N" ignored="0" name="Test(failed)" tests="1" failures="1" timestamp="06 Feb 2022 17:29:49 GMT" time="29.219" errors="0">
  <testcase name="f" time="5.097" classname="Week4.AddItemTest">
    <failure type="java.lang.AssertionError" message="expected [Shopping Cart] but found [Samsung Galaxy Tab 10.1]">
      <![CDATA[java.lang.AssertionError: expected [Shopping Cart] but found [Samsung Galaxy Tab 10.1]
at Week4.AddItemTest.f(AddItemTest.java:49)
... Removed 31 stack frames]]>
    </failure>
  </testcase> <!-- f -->
</testsuite> <!-- Test(failed) -->
